<?xml version="1.0" encoding="UTF-8"?>
<testng-results skipped="0" failed="0" total="2" passed="2">
  <reporter-output>
  </reporter-output>
  <suite name="Main Test Suite" duration-ms="36063" started-at="2019-02-16T19:29:43Z" finished-at="2019-02-16T19:30:19Z">
    <groups>
    </groups>
    <test name="TestNG Test Group" duration-ms="36063" started-at="2019-02-16T19:29:43Z" finished-at="2019-02-16T19:30:19Z">
      <class name="Testng.Improvedtestng">
        <test-method status="PASS" signature="launch()" name="launch" is-config="true" duration-ms="33917" started-at="2019-02-16T19:29:43Z" finished-at="2019-02-16T19:30:17Z">
        </test-method>
        <test-method status="PASS" signature="verifytitle()" name="verifytitle" duration-ms="43" started-at="2019-02-16T19:30:17Z" finished-at="2019-02-16T19:30:17Z">
        </test-method>
        <test-method status="PASS" signature="beforeMethod()" name="beforeMethod" is-config="true" duration-ms="0" started-at="2019-02-16T19:30:17Z" finished-at="2019-02-16T19:30:17Z">
        </test-method>
        <test-method status="PASS" signature="beforeMethod()" name="beforeMethod" is-config="true" duration-ms="0" started-at="2019-02-16T19:30:17Z" finished-at="2019-02-16T19:30:17Z">
        </test-method>
        <test-method status="PASS" signature="verifyurl()" name="verifyurl" duration-ms="8" started-at="2019-02-16T19:30:17Z" finished-at="2019-02-16T19:30:17Z">
        </test-method>
        <test-method status="PASS" signature="close()" name="close" is-config="true" duration-ms="2089" started-at="2019-02-16T19:30:17Z" finished-at="2019-02-16T19:30:19Z">
        </test-method>
      </class>
    </test>
  </suite>
</testng-results>
